<?xml version="1.0" encoding="UTF-8"?>
<!-- Generated by org.testng.reporters.JUnitXMLReporter -->
<testsuite ignored="0" hostname="DESKTOP-25A8PDA" failures="0" tests="4" name="Test" time="55.28" errors="0" timestamp="2024-03-26T11:31:19 IST">
  <testcase classname="testScripts.ValidateloginDeatils" name="InvalidUsernameandPassword" time="0.993"/>
  <testcase classname="testScripts.ValidateloginDeatils" name="ValidLoginDeatils" time="1.259"/>
  <testcase classname="testScripts.ValidateloginDeatils" name="ValidUsernameInvalidPassWord" time="0.8"/>
  <testcase classname="testScripts.ValidateloginDeatils" name="invalidUsernameValidPassword" time="0.848"/>
</testsuite> <!-- Test -->
