<?xml version="1.0" encoding="UTF-8"?>
<testng-results ignored="0" total="2" passed="2" failed="0" skipped="0">
  <reporter-output>
  </reporter-output>
  <suite started-at="2024-04-10T23:24:00 IST" name="Default suite" finished-at="2024-04-10T23:26:00 IST" duration-ms="119209">
    <groups>
    </groups>
    <test started-at="2024-04-10T23:24:00 IST" name="Default test" finished-at="2024-04-10T23:26:00 IST" duration-ms="119209">
      <class name="regressionTestCases2.Generate_OrderId">
        <test-method is-config="true" signature="start()[pri:0, instance:regressionTestCases2.Generate_OrderId@3ba987b8]" started-at="2024-04-10T23:24:00 IST" name="start" finished-at="2024-04-10T23:24:00 IST" duration-ms="22" status="PASS">
          <reporter-output>
          </reporter-output>
        </test-method> <!-- start -->
        <test-method is-config="true" signature="Broswer()[pri:0, instance:regressionTestCases2.Generate_OrderId@3ba987b8]" started-at="2024-04-10T23:24:00 IST" name="Broswer" finished-at="2024-04-10T23:24:53 IST" duration-ms="52662" status="PASS">
          <reporter-output>
          </reporter-output>
        </test-method> <!-- Broswer -->
        <test-method signature="TC_117()[pri:0, instance:regressionTestCases2.Generate_OrderId@3ba987b8]" started-at="2024-04-10T23:24:53 IST" name="TC_117" finished-at="2024-04-10T23:25:17 IST" duration-ms="23563" status="PASS">
          <reporter-output>
          </reporter-output>
        </test-method> <!-- TC_117 -->
        <test-method is-config="true" signature="Finish()[pri:0, instance:regressionTestCases2.Generate_OrderId@3ba987b8]" started-at="2024-04-10T23:25:17 IST" name="Finish" finished-at="2024-04-10T23:25:20 IST" duration-ms="3273" status="PASS">
          <reporter-output>
          </reporter-output>
        </test-method> <!-- Finish -->
        <test-method is-config="true" signature="Broswer()[pri:0, instance:regressionTestCases2.Generate_OrderId@3ba987b8]" started-at="2024-04-10T23:25:20 IST" name="Broswer" finished-at="2024-04-10T23:25:36 IST" duration-ms="15695" status="PASS">
          <reporter-output>
          </reporter-output>
        </test-method> <!-- Broswer -->
        <test-method signature="Tc_114()[pri:1, instance:regressionTestCases2.Generate_OrderId@3ba987b8]" started-at="2024-04-10T23:25:36 IST" name="Tc_114" finished-at="2024-04-10T23:25:56 IST" duration-ms="20537" status="PASS">
          <reporter-output>
          </reporter-output>
        </test-method> <!-- Tc_114 -->
        <test-method is-config="true" signature="Finish()[pri:0, instance:regressionTestCases2.Generate_OrderId@3ba987b8]" started-at="2024-04-10T23:25:56 IST" name="Finish" finished-at="2024-04-10T23:26:00 IST" duration-ms="3380" status="PASS">
          <reporter-output>
          </reporter-output>
        </test-method> <!-- Finish -->
      </class> <!-- regressionTestCases2.Generate_OrderId -->
    </test> <!-- Default test -->
  </suite> <!-- Default suite -->
</testng-results>
